#
# There is insufficient memory for the Java Runtime Environment to continue.
# Native memory allocation (malloc) failed to allocate 2952944 bytes for Chunk::new
# Possible reasons:
#   The system is out of physical RAM or swap space
#   The process is running with CompressedOops enabled, and the Java Heap may be blocking the growth of the native heap
# Possible solutions:
#   Reduce memory load on the system
#   Increase physical memory or swap space
#   Check if swap backing store is full
#   Decrease Java heap size (-Xmx/-Xms)
#   Decrease number of Java threads
#   Decrease Java thread stack sizes (-Xss)
#   Set larger code cache with -XX:ReservedCodeCacheSize=
#   JVM is running with Unscaled Compressed Oops mode in which the Java heap is
#     placed in the first 4GB address space. The Java Heap base address is the
#     maximum limit for the native heap growth. Please use -XX:HeapBaseMinAddress
#     to set the Java Heap base and to place the Java Heap above 4GB virtual address.
# This output file may be truncated or incomplete.
#
#  Out of Memory Error (arena.cpp:189), pid=5380, tid=15408
#
# JRE version: OpenJDK Runtime Environment Temurin-17.0.4.1+1 (17.0.4.1+1) (build 17.0.4.1+1)
# Java VM: OpenJDK 64-Bit Server VM Temurin-17.0.4.1+1 (17.0.4.1+1, mixed mode, tiered, compressed oops, compressed class ptrs, parallel gc, windows-amd64)
# No core dump will be written. Minidumps are not enabled by default on client versions of Windows
#

---------------  S U M M A R Y ------------

Command Line: --add-modules=ALL-SYSTEM --add-opens=java.base/java.util=ALL-UNNAMED --add-opens=java.base/java.lang=ALL-UNNAMED --add-opens=java.base/sun.nio.fs=ALL-UNNAMED -Declipse.application=org.eclipse.jdt.ls.core.id1 -Dosgi.bundles.defaultStartLevel=4 -Declipse.product=org.eclipse.jdt.ls.core.product -Djava.import.generatesMetadataFilesAtProjectRoot=false -Dfile.encoding=utf8 -XX:+UseParallelGC -XX:GCTimeRatio=4 -XX:AdaptiveSizePolicyWeight=90 -Dsun.zip.disableMemoryMapping=true -Xmx1G -Xms100m -Xlog:disable -javaagent:c:\Users\Yo\.vscode\extensions\redhat.java-1.12.0-win32-x64\lombok\lombok-1.18.24.jar -XX:+HeapDumpOnOutOfMemoryError -XX:HeapDumpPath=c:\Users\Yo\AppData\Roaming\Code\User\workspaceStorage\31e7361d7b754fea5c955249071b5afd\redhat.java c:\Users\Yo\.vscode\extensions\redhat.java-1.12.0-win32-x64\server\plugins\org.eclipse.equinox.launcher_1.6.400.v20210924-0641.jar -configuration c:\Users\Yo\AppData\Roaming\Code\User\globalStorage\redhat.java\1.12.0\config_win -data c:\Users\Yo\AppData\Roaming\Code\User\workspaceStorage\31e7361d7b754fea5c955249071b5afd\redhat.java\jdt_ws

Host: AMD Ryzen 5 3500U with Radeon Vega Mobile Gfx  , 8 cores, 5G,  Windows 10 , 64 bit Build 19041 (10.0.19041.1466)
Time: Thu Dec  1 08:38:48 2022 Hora estándar romance elapsed time: 8.253083 seconds (0d 0h 0m 8s)

---------------  T H R E A D  ---------------

Current thread (0x0000010ed8381ab0):  JavaThread "C2 CompilerThread2" daemon [_thread_in_native, id=15408, stack(0x0000000cad700000,0x0000000cad800000)]


Current CompileTask:
C2:   8253 5150 %     4       org.objectweb.asm.ClassReader::readCode @ 2186 (5109 bytes)

Stack: [0x0000000cad700000,0x0000000cad800000]
Native frames: (J=compiled Java code, j=interpreted, Vv=VM code, C=native code)
V  [jvm.dll+0x67731a]
V  [jvm.dll+0x832284]
V  [jvm.dll+0x833a2e]
V  [jvm.dll+0x834093]
V  [jvm.dll+0x245775]
V  [jvm.dll+0xabd7b]
V  [jvm.dll+0xac30c]
V  [jvm.dll+0x363a97]
V  [jvm.dll+0x1bbd52]
V  [jvm.dll+0x2187d9]
V  [jvm.dll+0x217aa1]
V  [jvm.dll+0x1a3f8d]
V  [jvm.dll+0x227498]
V  [jvm.dll+0x2255e5]
V  [jvm.dll+0x7e7e9b]
V  [jvm.dll+0x7e240a]
V  [jvm.dll+0x6761a5]
C  [ucrtbase.dll+0x21bb2]
C  [KERNEL32.DLL+0x17034]
C  [ntdll.dll+0x52651]


---------------  P R O C E S S  ---------------

Threads class SMR info:
_java_thread_list=0x0000010ed8c75800, length=31, elements={
0x0000010ebe4d4d10, 0x0000010ed2365f30, 0x0000010ed48e23b0, 0x0000010ed4905260,
0x0000010ed4905b20, 0x0000010ed4909ba0, 0x0000010ed490ad40, 0x0000010ed4910d80,
0x0000010ed4911e20, 0x0000010ed491aef0, 0x0000010ed4a01e80, 0x0000010ed4bcffa0,
0x0000010ed62ba6f0, 0x0000010ed52d7b30, 0x0000010ed62f6400, 0x0000010ed626c030,
0x0000010ed6492060, 0x0000010ed63d50f0, 0x0000010ed65305b0, 0x0000010ed6530f50,
0x0000010ed6abf540, 0x0000010ed6531420, 0x0000010ed6531dc0, 0x0000010ed65318f0,
0x0000010ed6530a80, 0x0000010ed6532290, 0x0000010ed6532760, 0x0000010ed65335d0,
0x0000010ed652fc10, 0x0000010ed8381ab0, 0x0000010ed65300e0
}

Java Threads: ( => current thread )
  0x0000010ebe4d4d10 JavaThread "main" [_thread_blocked, id=16252, stack(0x0000000cab700000,0x0000000cab800000)]
  0x0000010ed2365f30 JavaThread "Reference Handler" daemon [_thread_blocked, id=17132, stack(0x0000000caba00000,0x0000000cabb00000)]
  0x0000010ed48e23b0 JavaThread "Finalizer" daemon [_thread_blocked, id=6152, stack(0x0000000cabb00000,0x0000000cabc00000)]
  0x0000010ed4905260 JavaThread "Signal Dispatcher" daemon [_thread_blocked, id=16240, stack(0x0000000cabc00000,0x0000000cabd00000)]
  0x0000010ed4905b20 JavaThread "Attach Listener" daemon [_thread_blocked, id=3508, stack(0x0000000cabd00000,0x0000000cabe00000)]
  0x0000010ed4909ba0 JavaThread "Service Thread" daemon [_thread_blocked, id=12392, stack(0x0000000cabe00000,0x0000000cabf00000)]
  0x0000010ed490ad40 JavaThread "Monitor Deflation Thread" daemon [_thread_blocked, id=8408, stack(0x0000000cabf00000,0x0000000cac000000)]
  0x0000010ed4910d80 JavaThread "C2 CompilerThread0" daemon [_thread_blocked, id=10624, stack(0x0000000cac000000,0x0000000cac100000)]
  0x0000010ed4911e20 JavaThread "C1 CompilerThread0" daemon [_thread_blocked, id=2704, stack(0x0000000cac100000,0x0000000cac200000)]
  0x0000010ed491aef0 JavaThread "Sweeper thread" daemon [_thread_blocked, id=11456, stack(0x0000000cac200000,0x0000000cac300000)]
  0x0000010ed4a01e80 JavaThread "Common-Cleaner" daemon [_thread_blocked, id=3572, stack(0x0000000cac300000,0x0000000cac400000)]
  0x0000010ed4bcffa0 JavaThread "Notification Thread" daemon [_thread_blocked, id=3284, stack(0x0000000cac500000,0x0000000cac600000)]
  0x0000010ed62ba6f0 JavaThread "Active Thread: Equinox Container: 9e351e50-bb9f-445e-b8cf-0cc732b37e6c" [_thread_blocked, id=9184, stack(0x0000000cacd00000,0x0000000cace00000)]
  0x0000010ed52d7b30 JavaThread "Framework Event Dispatcher: Equinox Container: 9e351e50-bb9f-445e-b8cf-0cc732b37e6c" daemon [_thread_blocked, id=10196, stack(0x0000000cace00000,0x0000000cacf00000)]
  0x0000010ed62f6400 JavaThread "Start Level: Equinox Container: 9e351e50-bb9f-445e-b8cf-0cc732b37e6c" daemon [_thread_blocked, id=13264, stack(0x0000000cacf00000,0x0000000cad000000)]
  0x0000010ed626c030 JavaThread "SCR Component Actor" daemon [_thread_blocked, id=5240, stack(0x0000000cad000000,0x0000000cad100000)]
  0x0000010ed6492060 JavaThread "SCR Component Registry" daemon [_thread_blocked, id=8724, stack(0x0000000cac400000,0x0000000cac500000)]
  0x0000010ed63d50f0 JavaThread "Worker-JM" [_thread_blocked, id=4248, stack(0x0000000cac700000,0x0000000cac800000)]
  0x0000010ed65305b0 JavaThread "Worker-0: Shutdown..." [_thread_in_native, id=12564, stack(0x0000000cad300000,0x0000000cad400000)]
  0x0000010ed6530f50 JavaThread "Worker-1: Synchronizing projects" [_thread_blocked, id=528, stack(0x0000000cad400000,0x0000000cad500000)]
  0x0000010ed6abf540 JavaThread "C2 CompilerThread1" daemon [_thread_in_native, id=15660, stack(0x0000000cad500000,0x0000000cad600000)]
  0x0000010ed6531420 JavaThread "Java indexing" daemon [_thread_blocked, id=14388, stack(0x0000000cad600000,0x0000000cad700000)]
  0x0000010ed6531dc0 JavaThread "JNA Cleaner" daemon [_thread_blocked, id=13140, stack(0x0000000cad800000,0x0000000cad900000)]
  0x0000010ed65318f0 JavaThread "pool-2-thread-1" [_thread_blocked, id=4288, stack(0x0000000cadb00000,0x0000000cadc00000)]
  0x0000010ed6530a80 JavaThread "Worker-2" [_thread_blocked, id=14668, stack(0x0000000cadc00000,0x0000000cadd00000)]
  0x0000010ed6532290 JavaThread "Worker-3: Synchronizing projects" [_thread_blocked, id=6480, stack(0x0000000cadd00000,0x0000000cade00000)]
  0x0000010ed6532760 JavaThread "pool-1-thread-1" [_thread_blocked, id=9704, stack(0x0000000cade00000,0x0000000cadf00000)]
  0x0000010ed65335d0 JavaThread "ForkJoinPool.commonPool-worker-1" daemon [_thread_blocked, id=10180, stack(0x0000000cadf00000,0x0000000cae000000)]
  0x0000010ed652fc10 JavaThread "pool-3-thread-1" [_thread_blocked, id=9168, stack(0x0000000cae000000,0x0000000cae100000)]
=>0x0000010ed8381ab0 JavaThread "C2 CompilerThread2" daemon [_thread_in_native, id=15408, stack(0x0000000cad700000,0x0000000cad800000)]
  0x0000010ed65300e0 JavaThread "Worker-4" [_thread_blocked, id=2160, stack(0x0000000cae100000,0x0000000cae200000)]

Other Threads:
  0x0000010ebe5aec10 VMThread "VM Thread" [stack: 0x0000000cab900000,0x0000000caba00000] [id=16640]
  0x0000010ed4b635c0 WatcherThread [stack: 0x0000000cac600000,0x0000000cac700000] [id=2232]
  0x0000010ebe4e8c40 GCTaskThread "GC Thread#0" [stack: 0x0000000cab800000,0x0000000cab900000] [id=9860]
  0x0000010ed4e15960 GCTaskThread "GC Thread#1" [stack: 0x0000000cac800000,0x0000000cac900000] [id=15084]
  0x0000010ed4f3e240 GCTaskThread "GC Thread#2" [stack: 0x0000000cac900000,0x0000000caca00000] [id=8620]
  0x0000010ed4f3e4f0 GCTaskThread "GC Thread#3" [stack: 0x0000000caca00000,0x0000000cacb00000] [id=13452]
  0x0000010ed4f3e7a0 GCTaskThread "GC Thread#4" [stack: 0x0000000cacb00000,0x0000000cacc00000] [id=6476]
  0x0000010ed6123fa0 GCTaskThread "GC Thread#5" [stack: 0x0000000cacc00000,0x0000000cacd00000] [id=7492]
  0x0000010ed65010e0 GCTaskThread "GC Thread#6" [stack: 0x0000000cad100000,0x0000000cad200000] [id=1868]
  0x0000010ed600b100 GCTaskThread "GC Thread#7" [stack: 0x0000000cad200000,0x0000000cad300000] [id=13180]

Threads with active compile tasks:
C2 CompilerThread1     8270 5165       4       org.objectweb.asm.ClassReader::readMethod (1066 bytes)
C2 CompilerThread2     8270 5150 %     4       org.objectweb.asm.ClassReader::readCode @ 2186 (5109 bytes)

VM state: not at safepoint (normal execution)

VM Mutex/Monitor currently owned by a thread: None

Heap address: 0x00000000c0000000, size: 1024 MB, Compressed Oops mode: 32-bit

CDS archive(s) not mapped
Compressed class space mapped at: 0x0000000100000000-0x0000000140000000, reserved size: 1073741824
Narrow klass base: 0x0000000000000000, Narrow klass shift: 3, Narrow klass range: 0x140000000

GC Precious Log:
 CPUs: 8 total, 8 available
 Memory: 6020M
 Large Page Support: Disabled
 NUMA Support: Disabled
 Compressed Oops: Enabled (32-bit)
 Alignments: Space 512K, Generation 512K, Heap 2M
 Heap Min Capacity: 100M
 Heap Initial Capacity: 100M
 Heap Max Capacity: 1G
 Pre-touch: Disabled
 Parallel Workers: 8

Heap:
 PSYoungGen      total 22528K, used 16737K [0x00000000eab00000, 0x00000000ec200000, 0x0000000100000000)
  eden space 21504K, 75% used [0x00000000eab00000,0x00000000ebac9388,0x00000000ec000000)
  from space 1024K, 55% used [0x00000000ec000000,0x00000000ec08f288,0x00000000ec100000)
  to   space 1024K, 0% used [0x00000000ec100000,0x00000000ec100000,0x00000000ec200000)
 ParOldGen       total 68608K, used 30961K [0x00000000c0000000, 0x00000000c4300000, 0x00000000eab00000)
  object space 68608K, 45% used [0x00000000c0000000,0x00000000c1e3c4a8,0x00000000c4300000)
 Metaspace       used 51765K, committed 52544K, reserved 1097728K
  class space    used 5526K, committed 5888K, reserved 1048576K

Card table byte_map: [0x0000010ebde90000,0x0000010ebe0a0000] _byte_map_base: 0x0000010ebd890000

Marking Bits: (ParMarkBitMap*) 0x00007ffcd3442cc0
 Begin Bits: [0x0000010ed0170000, 0x0000010ed1170000)
 End Bits:   [0x0000010ed1170000, 0x0000010ed2170000)

Polling page: 0x0000010ebc4c0000

Metaspace:

Usage:
  Non-class:     45.15 MB used.
      Class:      5.40 MB used.
       Both:     50.55 MB used.

Virtual space:
  Non-class space:       48.00 MB reserved,      45.56 MB ( 95%) committed,  6 nodes.
      Class space:        1.00 GB reserved,       5.75 MB ( <1%) committed,  1 nodes.
             Both:        1.05 GB reserved,      51.31 MB (  5%) committed. 

Chunk freelists:
   Non-Class:  2.45 MB
       Class:  2.14 MB
        Both:  4.59 MB

MaxMetaspaceSize: unlimited
CompressedClassSpaceSize: 1.00 GB
Initial GC threshold: 21.00 MB
Current GC threshold: 58.88 MB
CDS: off
MetaspaceReclaimPolicy: balanced
 - commit_granule_bytes: 65536.
 - commit_granule_words: 8192.
 - virtual_space_node_default_size: 1048576.
 - enlarge_chunks_in_place: 1.
 - new_chunks_are_fully_committed: 0.
 - uncommit_free_chunks: 1.
 - use_allocation_guard: 0.
 - handle_deallocations: 1.


Internal statistics:

num_allocs_failed_limit: 10.
num_arena_births: 350.
num_arena_deaths: 14.
num_vsnodes_births: 7.
num_vsnodes_deaths: 0.
num_space_committed: 821.
num_space_uncommitted: 0.
num_chunks_returned_to_freelist: 24.
num_chunks_taken_from_freelist: 2140.
num_chunk_merges: 14.
num_chunk_splits: 1441.
num_chunks_enlarged: 980.
num_purges: 2.
num_inconsistent_stats: 0.

CodeHeap 'non-profiled nmethods': size=120000Kb used=2775Kb max_used=2775Kb free=117224Kb
 bounds [0x0000010ec8c40000, 0x0000010ec8f00000, 0x0000010ed0170000]
CodeHeap 'profiled nmethods': size=120000Kb used=11342Kb max_used=11342Kb free=108657Kb
 bounds [0x0000010ec1710000, 0x0000010ec2230000, 0x0000010ec8c40000]
CodeHeap 'non-nmethods': size=5760Kb used=1299Kb max_used=1355Kb free=4460Kb
 bounds [0x0000010ec1170000, 0x0000010ec13e0000, 0x0000010ec1710000]
 total_blobs=5856 nmethods=5229 adapters=540
 compilation: enabled
              stopped_count=0, restarted_count=0
 full_count=0

Compilation events (20 events):
Event: 8.240 Thread 0x0000010ed4911e20 nmethod 5278 0x0000010ec2216510 code [0x0000010ec22166c0, 0x0000010ec22168c8]
Event: 8.240 Thread 0x0000010ed4911e20 5280       3       java.io.DataOutputStream::incCount (20 bytes)
Event: 8.240 Thread 0x0000010ed4911e20 nmethod 5280 0x0000010ec2216a10 code [0x0000010ec2216ba0, 0x0000010ec2216cf8]
Event: 8.240 Thread 0x0000010ed4911e20 5281       3       java.io.OutputStream::write (34 bytes)
Event: 8.241 Thread 0x0000010ed4911e20 nmethod 5281 0x0000010ec2216d90 code [0x0000010ec2216f60, 0x0000010ec22173d8]
Event: 8.241 Thread 0x0000010ed4911e20 5279       1       org.eclipse.core.internal.dtree.AbstractDataTreeNode::getName (5 bytes)
Event: 8.241 Thread 0x0000010ed4911e20 nmethod 5279 0x0000010ec8ee6a90 code [0x0000010ec8ee6c20, 0x0000010ec8ee6cf8]
Event: 8.242 Thread 0x0000010ed4911e20 5282       1       sun.util.calendar.CalendarDate::setNormalized (6 bytes)
Event: 8.242 Thread 0x0000010ed4911e20 nmethod 5282 0x0000010ec8ee6d90 code [0x0000010ec8ee6f20, 0x0000010ec8ee6ff8]
Event: 8.242 Thread 0x0000010ed4910d80 nmethod 5123% 0x0000010ec8ee7090 code [0x0000010ec8ee74c0, 0x0000010ec8eee0a0]
Event: 8.243 Thread 0x0000010ed4910d80 5232       4       java.lang.StringBuilder::<init> (6 bytes)
Event: 8.244 Thread 0x0000010ed4910d80 nmethod 5232 0x0000010ec8ef2290 code [0x0000010ec8ef2420, 0x0000010ec8ef25d8]
Event: 8.244 Thread 0x0000010ed4910d80 5126       4       java.util.regex.Pattern$$Lambda$21/0x0000000100086f40::is (9 bytes)
Event: 8.245 Thread 0x0000010ed4910d80 nmethod 5126 0x0000010ec8ef2690 code [0x0000010ec8ef2800, 0x0000010ec8ef2898]
Event: 8.245 Thread 0x0000010ed4910d80 5133       4       java.util.ArrayList::grow (60 bytes)
Event: 8.249 Thread 0x0000010ed4910d80 nmethod 5133 0x0000010ec8ef3290 code [0x0000010ec8ef3420, 0x0000010ec8ef38b8]
Event: 8.249 Thread 0x0000010ed4910d80 5173       4       java.util.regex.Pattern$GroupHead::match (47 bytes)
Event: 8.249 Thread 0x0000010ed4911e20 5286       3       jdk.internal.org.objectweb.asm.Frame::execute (2318 bytes)
Event: 8.251 Thread 0x0000010ed4910d80 nmethod 5173 0x0000010ec8ef3f90 code [0x0000010ec8ef4120, 0x0000010ec8ef4258]
Event: 8.251 Thread 0x0000010ed4910d80 5175       4       java.util.regex.Pattern$GroupTail::match (111 bytes)

GC Heap History (20 events):
Event: 6.360 GC heap before
{Heap before GC invocations=16 (full 2):
 PSYoungGen      total 23552K, used 23548K [0x00000000eab00000, 0x00000000ec700000, 0x0000000100000000)
  eden space 22528K, 100% used [0x00000000eab00000,0x00000000ec100000,0x00000000ec100000)
  from space 1024K, 99% used [0x00000000ec380000,0x00000000ec47f330,0x00000000ec480000)
  to   space 2560K, 0% used [0x00000000ec480000,0x00000000ec480000,0x00000000ec700000)
 ParOldGen       total 68608K, used 14751K [0x00000000c0000000, 0x00000000c4300000, 0x00000000eab00000)
  object space 68608K, 21% used [0x00000000c0000000,0x00000000c0e67de0,0x00000000c4300000)
 Metaspace       used 45382K, committed 46208K, reserved 1097728K
  class space    used 4901K, committed 5312K, reserved 1048576K
}
Event: 6.364 GC heap after
{Heap after GC invocations=16 (full 2):
 PSYoungGen      total 24576K, used 2192K [0x00000000eab00000, 0x00000000ec700000, 0x0000000100000000)
  eden space 22016K, 0% used [0x00000000eab00000,0x00000000eab00000,0x00000000ec080000)
  from space 2560K, 85% used [0x00000000ec480000,0x00000000ec6a4030,0x00000000ec700000)
  to   space 2560K, 0% used [0x00000000ec200000,0x00000000ec200000,0x00000000ec480000)
 ParOldGen       total 68608K, used 15635K [0x00000000c0000000, 0x00000000c4300000, 0x00000000eab00000)
  object space 68608K, 22% used [0x00000000c0000000,0x00000000c0f44f48,0x00000000c4300000)
 Metaspace       used 45382K, committed 46208K, reserved 1097728K
  class space    used 4901K, committed 5312K, reserved 1048576K
}
Event: 6.477 GC heap before
{Heap before GC invocations=17 (full 2):
 PSYoungGen      total 24576K, used 24208K [0x00000000eab00000, 0x00000000ec700000, 0x0000000100000000)
  eden space 22016K, 100% used [0x00000000eab00000,0x00000000ec080000,0x00000000ec080000)
  from space 2560K, 85% used [0x00000000ec480000,0x00000000ec6a4030,0x00000000ec700000)
  to   space 2560K, 0% used [0x00000000ec200000,0x00000000ec200000,0x00000000ec480000)
 ParOldGen       total 68608K, used 15635K [0x00000000c0000000, 0x00000000c4300000, 0x00000000eab00000)
  object space 68608K, 22% used [0x00000000c0000000,0x00000000c0f44f48,0x00000000c4300000)
 Metaspace       used 45575K, committed 46464K, reserved 1097728K
  class space    used 4919K, committed 5312K, reserved 1048576K
}
Event: 6.481 GC heap after
{Heap after GC invocations=17 (full 2):
 PSYoungGen      total 24064K, used 1952K [0x00000000eab00000, 0x00000000ec580000, 0x0000000100000000)
  eden space 22016K, 0% used [0x00000000eab00000,0x00000000eab00000,0x00000000ec080000)
  from space 2048K, 95% used [0x00000000ec200000,0x00000000ec3e8010,0x00000000ec400000)
  to   space 1536K, 0% used [0x00000000ec400000,0x00000000ec400000,0x00000000ec580000)
 ParOldGen       total 68608K, used 17694K [0x00000000c0000000, 0x00000000c4300000, 0x00000000eab00000)
  object space 68608K, 25% used [0x00000000c0000000,0x00000000c1147918,0x00000000c4300000)
 Metaspace       used 45575K, committed 46464K, reserved 1097728K
  class space    used 4919K, committed 5312K, reserved 1048576K
}
Event: 6.559 GC heap before
{Heap before GC invocations=18 (full 2):
 PSYoungGen      total 24064K, used 23968K [0x00000000eab00000, 0x00000000ec580000, 0x0000000100000000)
  eden space 22016K, 100% used [0x00000000eab00000,0x00000000ec080000,0x00000000ec080000)
  from space 2048K, 95% used [0x00000000ec200000,0x00000000ec3e8010,0x00000000ec400000)
  to   space 1536K, 0% used [0x00000000ec400000,0x00000000ec400000,0x00000000ec580000)
 ParOldGen       total 68608K, used 17694K [0x00000000c0000000, 0x00000000c4300000, 0x00000000eab00000)
  object space 68608K, 25% used [0x00000000c0000000,0x00000000c1147918,0x00000000c4300000)
 Metaspace       used 45608K, committed 46464K, reserved 1097728K
  class space    used 4919K, committed 5312K, reserved 1048576K
}
Event: 6.563 GC heap after
{Heap after GC invocations=18 (full 2):
 PSYoungGen      total 23040K, used 1504K [0x00000000eab00000, 0x00000000ec880000, 0x0000000100000000)
  eden space 21504K, 0% used [0x00000000eab00000,0x00000000eab00000,0x00000000ec000000)
  from space 1536K, 97% used [0x00000000ec400000,0x00000000ec578010,0x00000000ec580000)
  to   space 4096K, 0% used [0x00000000ec000000,0x00000000ec000000,0x00000000ec400000)
 ParOldGen       total 68608K, used 19911K [0x00000000c0000000, 0x00000000c4300000, 0x00000000eab00000)
  object space 68608K, 29% used [0x00000000c0000000,0x00000000c1371e50,0x00000000c4300000)
 Metaspace       used 45608K, committed 46464K, reserved 1097728K
  class space    used 4919K, committed 5312K, reserved 1048576K
}
Event: 6.619 GC heap before
{Heap before GC invocations=19 (full 2):
 PSYoungGen      total 23040K, used 23008K [0x00000000eab00000, 0x00000000ec880000, 0x0000000100000000)
  eden space 21504K, 100% used [0x00000000eab00000,0x00000000ec000000,0x00000000ec000000)
  from space 1536K, 97% used [0x00000000ec400000,0x00000000ec578010,0x00000000ec580000)
  to   space 4096K, 0% used [0x00000000ec000000,0x00000000ec000000,0x00000000ec400000)
 ParOldGen       total 68608K, used 19911K [0x00000000c0000000, 0x00000000c4300000, 0x00000000eab00000)
  object space 68608K, 29% used [0x00000000c0000000,0x00000000c1371e50,0x00000000c4300000)
 Metaspace       used 45653K, committed 46528K, reserved 1097728K
  class space    used 4929K, committed 5312K, reserved 1048576K
}
Event: 6.623 GC heap after
{Heap after GC invocations=19 (full 2):
 PSYoungGen      total 24064K, used 2464K [0x00000000eab00000, 0x00000000ec600000, 0x0000000100000000)
  eden space 21504K, 0% used [0x00000000eab00000,0x00000000eab00000,0x00000000ec000000)
  from space 2560K, 96% used [0x00000000ec000000,0x00000000ec268010,0x00000000ec280000)
  to   space 3072K, 0% used [0x00000000ec300000,0x00000000ec300000,0x00000000ec600000)
 ParOldGen       total 68608K, used 21403K [0x00000000c0000000, 0x00000000c4300000, 0x00000000eab00000)
  object space 68608K, 31% used [0x00000000c0000000,0x00000000c14e6cd8,0x00000000c4300000)
 Metaspace       used 45653K, committed 46528K, reserved 1097728K
  class space    used 4929K, committed 5312K, reserved 1048576K
}
Event: 6.675 GC heap before
{Heap before GC invocations=20 (full 2):
 PSYoungGen      total 24064K, used 23968K [0x00000000eab00000, 0x00000000ec600000, 0x0000000100000000)
  eden space 21504K, 100% used [0x00000000eab00000,0x00000000ec000000,0x00000000ec000000)
  from space 2560K, 96% used [0x00000000ec000000,0x00000000ec268010,0x00000000ec280000)
  to   space 3072K, 0% used [0x00000000ec300000,0x00000000ec300000,0x00000000ec600000)
 ParOldGen       total 68608K, used 21403K [0x00000000c0000000, 0x00000000c4300000, 0x00000000eab00000)
  object space 68608K, 31% used [0x00000000c0000000,0x00000000c14e6cd8,0x00000000c4300000)
 Metaspace       used 45654K, committed 46528K, reserved 1097728K
  class space    used 4929K, committed 5312K, reserved 1048576K
}
Event: 6.679 GC heap after
{Heap after GC invocations=20 (full 2):
 PSYoungGen      total 23552K, used 2048K [0x00000000eab00000, 0x00000000ec500000, 0x0000000100000000)
  eden space 21504K, 0% used [0x00000000eab00000,0x00000000eab00000,0x00000000ec000000)
  from space 2048K, 100% used [0x00000000ec300000,0x00000000ec500000,0x00000000ec500000)
  to   space 2560K, 0% used [0x00000000ec000000,0x00000000ec000000,0x00000000ec280000)
 ParOldGen       total 68608K, used 23784K [0x00000000c0000000, 0x00000000c4300000, 0x00000000eab00000)
  object space 68608K, 34% used [0x00000000c0000000,0x00000000c173a210,0x00000000c4300000)
 Metaspace       used 45654K, committed 46528K, reserved 1097728K
  class space    used 4929K, committed 5312K, reserved 1048576K
}
Event: 6.729 GC heap before
{Heap before GC invocations=21 (full 2):
 PSYoungGen      total 23552K, used 23552K [0x00000000eab00000, 0x00000000ec500000, 0x0000000100000000)
  eden space 21504K, 100% used [0x00000000eab00000,0x00000000ec000000,0x00000000ec000000)
  from space 2048K, 100% used [0x00000000ec300000,0x00000000ec500000,0x00000000ec500000)
  to   space 2560K, 0% used [0x00000000ec000000,0x00000000ec000000,0x00000000ec280000)
 ParOldGen       total 68608K, used 23784K [0x00000000c0000000, 0x00000000c4300000, 0x00000000eab00000)
  object space 68608K, 34% used [0x00000000c0000000,0x00000000c173a210,0x00000000c4300000)
 Metaspace       used 45654K, committed 46528K, reserved 1097728K
  class space    used 4929K, committed 5312K, reserved 1048576K
}
Event: 6.734 GC heap after
{Heap after GC invocations=21 (full 2):
 PSYoungGen      total 24064K, used 2176K [0x00000000eab00000, 0x00000000ec500000, 0x0000000100000000)
  eden space 21504K, 0% used [0x00000000eab00000,0x00000000eab00000,0x00000000ec000000)
  from space 2560K, 85% used [0x00000000ec000000,0x00000000ec220010,0x00000000ec280000)
  to   space 2560K, 0% used [0x00000000ec280000,0x00000000ec280000,0x00000000ec500000)
 ParOldGen       total 68608K, used 25752K [0x00000000c0000000, 0x00000000c4300000, 0x00000000eab00000)
  object space 68608K, 37% used [0x00000000c0000000,0x00000000c1926210,0x00000000c4300000)
 Metaspace       used 45654K, committed 46528K, reserved 1097728K
  class space    used 4929K, committed 5312K, reserved 1048576K
}
Event: 7.115 GC heap before
{Heap before GC invocations=22 (full 2):
 PSYoungGen      total 24064K, used 23680K [0x00000000eab00000, 0x00000000ec500000, 0x0000000100000000)
  eden space 21504K, 100% used [0x00000000eab00000,0x00000000ec000000,0x00000000ec000000)
  from space 2560K, 85% used [0x00000000ec000000,0x00000000ec220010,0x00000000ec280000)
  to   space 2560K, 0% used [0x00000000ec280000,0x00000000ec280000,0x00000000ec500000)
 ParOldGen       total 68608K, used 25752K [0x00000000c0000000, 0x00000000c4300000, 0x00000000eab00000)
  object space 68608K, 37% used [0x00000000c0000000,0x00000000c1926210,0x00000000c4300000)
 Metaspace       used 46600K, committed 47488K, reserved 1097728K
  class space    used 5003K, committed 5376K, reserved 1048576K
}
Event: 7.119 GC heap after
{Heap after GC invocations=22 (full 2):
 PSYoungGen      total 24064K, used 2251K [0x00000000eab00000, 0x00000000ec500000, 0x0000000100000000)
  eden space 21504K, 0% used [0x00000000eab00000,0x00000000eab00000,0x00000000ec000000)
  from space 2560K, 87% used [0x00000000ec280000,0x00000000ec4b2ed0,0x00000000ec500000)
  to   space 2560K, 0% used [0x00000000ec000000,0x00000000ec000000,0x00000000ec280000)
 ParOldGen       total 68608K, used 27790K [0x00000000c0000000, 0x00000000c4300000, 0x00000000eab00000)
  object space 68608K, 40% used [0x00000000c0000000,0x00000000c1b23aa0,0x00000000c4300000)
 Metaspace       used 46600K, committed 47488K, reserved 1097728K
  class space    used 5003K, committed 5376K, reserved 1048576K
}
Event: 7.527 GC heap before
{Heap before GC invocations=23 (full 2):
 PSYoungGen      total 24064K, used 23755K [0x00000000eab00000, 0x00000000ec500000, 0x0000000100000000)
  eden space 21504K, 100% used [0x00000000eab00000,0x00000000ec000000,0x00000000ec000000)
  from space 2560K, 87% used [0x00000000ec280000,0x00000000ec4b2ed0,0x00000000ec500000)
  to   space 2560K, 0% used [0x00000000ec000000,0x00000000ec000000,0x00000000ec280000)
 ParOldGen       total 68608K, used 27790K [0x00000000c0000000, 0x00000000c4300000, 0x00000000eab00000)
  object space 68608K, 40% used [0x00000000c0000000,0x00000000c1b23aa0,0x00000000c4300000)
 Metaspace       used 48340K, committed 49280K, reserved 1097728K
  class space    used 5228K, committed 5632K, reserved 1048576K
}
Event: 7.529 GC heap after
{Heap after GC invocations=23 (full 2):
 PSYoungGen      total 22528K, used 726K [0x00000000eab00000, 0x00000000ec300000, 0x0000000100000000)
  eden space 21504K, 0% used [0x00000000eab00000,0x00000000eab00000,0x00000000ec000000)
  from space 1024K, 70% used [0x00000000ec000000,0x00000000ec0b5a20,0x00000000ec100000)
  to   space 1536K, 0% used [0x00000000ec180000,0x00000000ec180000,0x00000000ec300000)
 ParOldGen       total 68608K, used 29571K [0x00000000c0000000, 0x00000000c4300000, 0x00000000eab00000)
  object space 68608K, 43% used [0x00000000c0000000,0x00000000c1ce0cc0,0x00000000c4300000)
 Metaspace       used 48340K, committed 49280K, reserved 1097728K
  class space    used 5228K, committed 5632K, reserved 1048576K
}
Event: 7.869 GC heap before
{Heap before GC invocations=24 (full 2):
 PSYoungGen      total 22528K, used 22230K [0x00000000eab00000, 0x00000000ec300000, 0x0000000100000000)
  eden space 21504K, 100% used [0x00000000eab00000,0x00000000ec000000,0x00000000ec000000)
  from space 1024K, 70% used [0x00000000ec000000,0x00000000ec0b5a20,0x00000000ec100000)
  to   space 1536K, 0% used [0x00000000ec180000,0x00000000ec180000,0x00000000ec300000)
 ParOldGen       total 68608K, used 29571K [0x00000000c0000000, 0x00000000c4300000, 0x00000000eab00000)
  object space 68608K, 43% used [0x00000000c0000000,0x00000000c1ce0cc0,0x00000000c4300000)
 Metaspace       used 49724K, committed 50496K, reserved 1097728K
  class space    used 5343K, committed 5696K, reserved 1048576K
}
Event: 7.872 GC heap after
{Heap after GC invocations=24 (full 2):
 PSYoungGen      total 23040K, used 1146K [0x00000000eab00000, 0x00000000ec300000, 0x0000000100000000)
  eden space 21504K, 0% used [0x00000000eab00000,0x00000000eab00000,0x00000000ec000000)
  from space 1536K, 74% used [0x00000000ec180000,0x00000000ec29e928,0x00000000ec300000)
  to   space 1536K, 0% used [0x00000000ec000000,0x00000000ec000000,0x00000000ec180000)
 ParOldGen       total 68608K, used 30224K [0x00000000c0000000, 0x00000000c4300000, 0x00000000eab00000)
  object space 68608K, 44% used [0x00000000c0000000,0x00000000c1d84268,0x00000000c4300000)
 Metaspace       used 49724K, committed 50496K, reserved 1097728K
  class space    used 5343K, committed 5696K, reserved 1048576K
}
Event: 7.946 GC heap before
{Heap before GC invocations=25 (full 2):
 PSYoungGen      total 23040K, used 22650K [0x00000000eab00000, 0x00000000ec300000, 0x0000000100000000)
  eden space 21504K, 100% used [0x00000000eab00000,0x00000000ec000000,0x00000000ec000000)
  from space 1536K, 74% used [0x00000000ec180000,0x00000000ec29e928,0x00000000ec300000)
  to   space 1536K, 0% used [0x00000000ec000000,0x00000000ec000000,0x00000000ec180000)
 ParOldGen       total 68608K, used 30224K [0x00000000c0000000, 0x00000000c4300000, 0x00000000eab00000)
  object space 68608K, 44% used [0x00000000c0000000,0x00000000c1d84268,0x00000000c4300000)
 Metaspace       used 49755K, committed 50560K, reserved 1097728K
  class space    used 5343K, committed 5696K, reserved 1048576K
}
Event: 7.947 GC heap after
{Heap after GC invocations=25 (full 2):
 PSYoungGen      total 22528K, used 572K [0x00000000eab00000, 0x00000000ec200000, 0x0000000100000000)
  eden space 21504K, 0% used [0x00000000eab00000,0x00000000eab00000,0x00000000ec000000)
  from space 1024K, 55% used [0x00000000ec000000,0x00000000ec08f288,0x00000000ec100000)
  to   space 1024K, 0% used [0x00000000ec100000,0x00000000ec100000,0x00000000ec200000)
 ParOldGen       total 68608K, used 30961K [0x00000000c0000000, 0x00000000c4300000, 0x00000000eab00000)
  object space 68608K, 45% used [0x00000000c0000000,0x00000000c1e3c4a8,0x00000000c4300000)
 Metaspace       used 49755K, committed 50560K, reserved 1097728K
  class space    used 5343K, committed 5696K, reserved 1048576K
}

Deoptimization events (20 events):
Event: 8.067 Thread 0x0000010ed6530a80 DEOPT PACKING pc=0x0000010ec8e82284 sp=0x0000000cadcfedf0
Event: 8.067 Thread 0x0000010ed6530a80 DEOPT UNPACKING pc=0x0000010ec11c20a3 sp=0x0000000cadcfecd8 mode 2
Event: 8.074 Thread 0x0000010ed6530a80 DEOPT PACKING pc=0x0000010ec18d46a3 sp=0x0000000cadcfe7a0
Event: 8.074 Thread 0x0000010ed6530a80 DEOPT UNPACKING pc=0x0000010ec11c2843 sp=0x0000000cadcfdcd8 mode 0
Event: 8.149 Thread 0x0000010ed6530a80 Uncommon trap: trap_request=0xffffffde fr.pc=0x0000010ec8dfdbf4 relative=0x0000000000000614
Event: 8.149 Thread 0x0000010ed6530a80 Uncommon trap: reason=class_check action=maybe_recompile pc=0x0000010ec8dfdbf4 method=java.util.HashMap.removeNode(ILjava/lang/Object;Ljava/lang/Object;ZZ)Ljava/util/HashMap$Node; @ 68 c2
Event: 8.149 Thread 0x0000010ed6530a80 DEOPT PACKING pc=0x0000010ec8dfdbf4 sp=0x0000000cadcfe520
Event: 8.149 Thread 0x0000010ed6530a80 DEOPT UNPACKING pc=0x0000010ec11c20a3 sp=0x0000000cadcfe428 mode 2
Event: 8.239 Thread 0x0000010ed65305b0 Uncommon trap: trap_request=0xffffffde fr.pc=0x0000010ec8d90330 relative=0x0000000000000730
Event: 8.239 Thread 0x0000010ed65305b0 Uncommon trap: reason=class_check action=maybe_recompile pc=0x0000010ec8d90330 method=java.util.HashMap.computeIfAbsent(Ljava/lang/Object;Ljava/util/function/Function;)Ljava/lang/Object; @ 188 c2
Event: 8.239 Thread 0x0000010ed65305b0 DEOPT PACKING pc=0x0000010ec8d90330 sp=0x0000000cad3fead0
Event: 8.239 Thread 0x0000010ed65305b0 DEOPT UNPACKING pc=0x0000010ec11c20a3 sp=0x0000000cad3fea68 mode 2
Event: 8.247 Thread 0x0000010ed65305b0 Uncommon trap: trap_request=0xffffff45 fr.pc=0x0000010ec8d9d980 relative=0x0000000000003d40
Event: 8.247 Thread 0x0000010ed65305b0 Uncommon trap: reason=unstable_if action=reinterpret pc=0x0000010ec8d9d980 method=jdk.internal.org.objectweb.asm.Frame.push(I)V @ 26 c2
Event: 8.247 Thread 0x0000010ed65305b0 DEOPT PACKING pc=0x0000010ec8d9d980 sp=0x0000000cad3fd190
Event: 8.247 Thread 0x0000010ed65305b0 DEOPT UNPACKING pc=0x0000010ec11c20a3 sp=0x0000000cad3fd0b8 mode 2
Event: 8.248 Thread 0x0000010ed65305b0 Uncommon trap: trap_request=0xffffff45 fr.pc=0x0000010ec8dfaea4 relative=0x0000000000000184
Event: 8.248 Thread 0x0000010ed65305b0 Uncommon trap: reason=unstable_if action=reinterpret pc=0x0000010ec8dfaea4 method=jdk.internal.org.objectweb.asm.Frame.push(I)V @ 26 c2
Event: 8.248 Thread 0x0000010ed65305b0 DEOPT PACKING pc=0x0000010ec8dfaea4 sp=0x0000000cad3fd3b0
Event: 8.248 Thread 0x0000010ed65305b0 DEOPT UNPACKING pc=0x0000010ec11c20a3 sp=0x0000000cad3fd348 mode 2

Classes unloaded (7 events):
Event: 2.998 Thread 0x0000010ebe5aec10 Unloading class 0x0000000100218800 'java/lang/invoke/LambdaForm$MH+0x0000000100218800'
Event: 2.998 Thread 0x0000010ebe5aec10 Unloading class 0x0000000100218400 'java/lang/invoke/LambdaForm$MH+0x0000000100218400'
Event: 2.998 Thread 0x0000010ebe5aec10 Unloading class 0x0000000100218000 'java/lang/invoke/LambdaForm$MH+0x0000000100218000'
Event: 2.998 Thread 0x0000010ebe5aec10 Unloading class 0x0000000100217800 'java/lang/invoke/LambdaForm$MH+0x0000000100217800'
Event: 2.998 Thread 0x0000010ebe5aec10 Unloading class 0x0000000100217400 'java/lang/invoke/LambdaForm$BMH+0x0000000100217400'
Event: 2.998 Thread 0x0000010ebe5aec10 Unloading class 0x0000000100217000 'java/lang/invoke/LambdaForm$DMH+0x0000000100217000'
Event: 2.998 Thread 0x0000010ebe5aec10 Unloading class 0x0000000100214400 'java/lang/invoke/LambdaForm$DMH+0x0000000100214400'

Classes redefined (0 events):
No events

Internal exceptions (20 events):
Event: 8.174 Thread 0x0000010ed6532290 Exception <a 'java/io/IOException'{0x00000000eb7320b8}> (0x00000000eb7320b8) 
thrown [s\src\hotspot\share\prims\jni.cpp, line 516]
Event: 8.174 Thread 0x0000010ed6532290 Exception <a 'java/io/IOException'{0x00000000eb7323d0}> (0x00000000eb7323d0) 
thrown [s\src\hotspot\share\prims\jni.cpp, line 516]
Event: 8.174 Thread 0x0000010ed6530a80 Exception <a 'sun/nio/fs/WindowsException'{0x00000000eb779370}> (0x00000000eb779370) 
thrown [s\src\hotspot\share\prims\jni.cpp, line 516]
Event: 8.181 Thread 0x0000010ed6530a80 Exception <a 'sun/nio/fs/WindowsException'{0x00000000eb791a70}> (0x00000000eb791a70) 
thrown [s\src\hotspot\share\prims\jni.cpp, line 516]
Event: 8.181 Thread 0x0000010ed6530f50 Exception <a 'java/io/IOException'{0x00000000eb7a0bf0}> (0x00000000eb7a0bf0) 
thrown [s\src\hotspot\share\prims\jni.cpp, line 516]
Event: 8.181 Thread 0x0000010ed6530f50 Exception <a 'java/io/IOException'{0x00000000eb7a0f08}> (0x00000000eb7a0f08) 
thrown [s\src\hotspot\share\prims\jni.cpp, line 516]
Event: 8.181 Thread 0x0000010ed6530f50 Exception <a 'java/io/IOException'{0x00000000eb7a1220}> (0x00000000eb7a1220) 
thrown [s\src\hotspot\share\prims\jni.cpp, line 516]
Event: 8.200 Thread 0x0000010ed6530a80 Exception <a 'java/io/IOException'{0x00000000eb834a48}> (0x00000000eb834a48) 
thrown [s\src\hotspot\share\prims\jni.cpp, line 516]
Event: 8.200 Thread 0x0000010ed6530a80 Exception <a 'java/io/IOException'{0x00000000eb834d60}> (0x00000000eb834d60) 
thrown [s\src\hotspot\share\prims\jni.cpp, line 516]
Event: 8.200 Thread 0x0000010ed6530a80 Exception <a 'java/io/IOException'{0x00000000eb835078}> (0x00000000eb835078) 
thrown [s\src\hotspot\share\prims\jni.cpp, line 516]
Event: 8.201 Thread 0x0000010ed6530a80 Exception <a 'java/io/IOException'{0x00000000eb836260}> (0x00000000eb836260) 
thrown [s\src\hotspot\share\prims\jni.cpp, line 516]
Event: 8.201 Thread 0x0000010ed6530a80 Exception <a 'java/io/IOException'{0x00000000eb836578}> (0x00000000eb836578) 
thrown [s\src\hotspot\share\prims\jni.cpp, line 516]
Event: 8.201 Thread 0x0000010ed6530a80 Exception <a 'java/io/IOException'{0x00000000eb836890}> (0x00000000eb836890) 
thrown [s\src\hotspot\share\prims\jni.cpp, line 516]
Event: 8.206 Thread 0x0000010ed65305b0 Exception <a 'java/io/IOException'{0x00000000eb85f4f8}> (0x00000000eb85f4f8) 
thrown [s\src\hotspot\share\prims\jni.cpp, line 516]
Event: 8.206 Thread 0x0000010ed65305b0 Exception <a 'java/io/IOException'{0x00000000eb85f810}> (0x00000000eb85f810) 
thrown [s\src\hotspot\share\prims\jni.cpp, line 516]
Event: 8.206 Thread 0x0000010ed65305b0 Exception <a 'java/io/IOException'{0x00000000eb85fb28}> (0x00000000eb85fb28) 
thrown [s\src\hotspot\share\prims\jni.cpp, line 516]
Event: 8.235 Thread 0x0000010ed65305b0 Exception <a 'java/io/FileNotFoundException'{0x00000000eb9b6ac8}> (0x00000000eb9b6ac8) 
thrown [s\src\hotspot\share\prims\jni.cpp, line 516]
Event: 8.248 Thread 0x0000010ed65305b0 Exception <a 'java/lang/NoSuchMethodError'{0x00000000eba04560}: 'java.lang.Object java.lang.invoke.DirectMethodHandle$Holder.newInvokeSpecial(java.lang.Object, java.lang.Object, java.lang.Object, java.lang.Object, java.lang.Object, java.lang.Object, java.lang.Object, java.lang.Object, java.lang.Object, java.lang.Object)'> (0x00000000eba04560) 
thrown [s\src\hotspot\share\interpreter\linkResolver.cpp, line 759]
Event: 8.249 Thread 0x0000010ed65305b0 Exception <a 'java/lang/NoSuchMethodError'{0x00000000eba09250}: 'java.lang.Object java.lang.invoke.DirectMethodHandle$Holder.invokeSpecial(java.lang.Object, java.lang.Object, java.lang.Object, java.lang.Object, java.lang.Object, java.lang.Object, java.lang.Object, java.lang.Object, java.lang.Object, java.lang.Object, java.lang.Object)'> (0x00000000eba09250) 
thrown [s\src\hotspot\share\interpreter\linkResolver.cpp, line 759]
Event: 8.249 Thread 0x0000010ed65305b0 Exception <a 'java/lang/NoSuchMethodError'{0x00000000eba0da48}: 'java.lang.Object java.lang.invoke.Invokers$Holder.linkToTargetMethod(java.lang.Object, java.lang.Object, java.lang.Object, java.lang.Object, java.lang.Object, java.lang.Object, java.lang.Object, java.lang.Object, java.lang.Object, java.lang.Object)'> (0x00000000eba0da48) 
thrown [s\src\hotspot\share\interpreter\linkResolver.cpp, line 759]

VM Operations (20 events):
Event: 6.477 Executing VM operation: ParallelGCFailedAllocation
Event: 6.481 Executing VM operation: ParallelGCFailedAllocation done
Event: 6.559 Executing VM operation: ParallelGCFailedAllocation
Event: 6.563 Executing VM operation: ParallelGCFailedAllocation done
Event: 6.619 Executing VM operation: ParallelGCFailedAllocation
Event: 6.623 Executing VM operation: ParallelGCFailedAllocation done
Event: 6.675 Executing VM operation: ParallelGCFailedAllocation
Event: 6.679 Executing VM operation: ParallelGCFailedAllocation done
Event: 6.729 Executing VM operation: ParallelGCFailedAllocation
Event: 6.734 Executing VM operation: ParallelGCFailedAllocation done
Event: 7.090 Executing VM operation: HandshakeAllThreads
Event: 7.090 Executing VM operation: HandshakeAllThreads done
Event: 7.114 Executing VM operation: ParallelGCFailedAllocation
Event: 7.119 Executing VM operation: ParallelGCFailedAllocation done
Event: 7.527 Executing VM operation: ParallelGCFailedAllocation
Event: 7.529 Executing VM operation: ParallelGCFailedAllocation done
Event: 7.869 Executing VM operation: ParallelGCFailedAllocation
Event: 7.872 Executing VM operation: ParallelGCFailedAllocation done
Event: 7.946 Executing VM operation: ParallelGCFailedAllocation
Event: 7.947 Executing VM operation: ParallelGCFailedAllocation done

Events (20 events):
Event: 8.225 loading class java/util/function/LongFunction done
Event: 8.225 loading class java/util/stream/Nodes$ConcNode
Event: 8.225 loading class java/util/stream/Nodes$AbstractConcNode
Event: 8.226 loading class java/util/stream/Nodes$AbstractConcNode done
Event: 8.226 loading class java/util/stream/Nodes$ConcNode done
Event: 8.226 Thread 0x0000010eddb80260 Thread added: 0x0000010eddb80260
Event: 8.227 Thread 0x0000010eddb7c3d0 Thread added: 0x0000010eddb7c3d0
Event: 8.227 loading class java/util/stream/Nodes$ToArrayTask$OfRef
Event: 8.227 loading class java/util/stream/Nodes$ToArrayTask
Event: 8.227 loading class java/util/stream/Nodes$ToArrayTask done
Event: 8.227 loading class java/util/stream/Nodes$ToArrayTask$OfRef done
Event: 8.228 Thread 0x0000010eddb7b090 Thread exited: 0x0000010eddb7b090
Event: 8.228 Thread 0x0000010eddb7c3d0 Thread exited: 0x0000010eddb7c3d0
Event: 8.228 Thread 0x0000010eddb80260 Thread exited: 0x0000010eddb80260
Event: 8.229 loading class java/io/ObjectOutputStream$BlockDataOutputStream
Event: 8.229 loading class java/io/ObjectOutputStream$BlockDataOutputStream done
Event: 8.229 loading class java/io/ObjectOutputStream$HandleTable
Event: 8.229 loading class java/io/ObjectOutputStream$HandleTable done
Event: 8.229 loading class java/io/ObjectOutputStream$ReplaceTable
Event: 8.229 loading class java/io/ObjectOutputStream$ReplaceTable done


Dynamic libraries:
0x00007ff715e80000 - 0x00007ff715e8e000 	c:\Users\Yo\.vscode\extensions\redhat.java-1.12.0-win32-x64\jre\17.0.4.1-win32-x86_64\bin\java.exe
0x00007ffd11ab0000 - 0x00007ffd11ca5000 	C:\Windows\SYSTEM32\ntdll.dll
0x00007ffd11590000 - 0x00007ffd1164e000 	C:\Windows\System32\KERNEL32.DLL
0x00007ffd0f440000 - 0x00007ffd0f708000 	C:\Windows\System32\KERNELBASE.dll
0x00007ffd0f890000 - 0x00007ffd0f990000 	C:\Windows\System32\ucrtbase.dll
0x00007ffd076f0000 - 0x00007ffd07708000 	c:\Users\Yo\.vscode\extensions\redhat.java-1.12.0-win32-x64\jre\17.0.4.1-win32-x86_64\bin\jli.dll
0x00007ffd06f90000 - 0x00007ffd06fa9000 	c:\Users\Yo\.vscode\extensions\redhat.java-1.12.0-win32-x64\jre\17.0.4.1-win32-x86_64\bin\VCRUNTIME140.dll
0x00007ffd111c0000 - 0x00007ffd11361000 	C:\Windows\System32\USER32.dll
0x00007ffcff7c0000 - 0x00007ffcffa5a000 	C:\Windows\WinSxS\amd64_microsoft.windows.common-controls_6595b64144ccf1df_6.0.19041.1110_none_60b5254171f9507e\COMCTL32.dll
0x00007ffd0f220000 - 0x00007ffd0f242000 	C:\Windows\System32\win32u.dll
0x00007ffd10990000 - 0x00007ffd109bb000 	C:\Windows\System32\GDI32.dll
0x00007ffd11120000 - 0x00007ffd111be000 	C:\Windows\System32\msvcrt.dll
0x00007ffd0f250000 - 0x00007ffd0f35d000 	C:\Windows\System32\gdi32full.dll
0x00007ffd0f710000 - 0x00007ffd0f7ad000 	C:\Windows\System32\msvcp_win.dll
0x00007ffd11800000 - 0x00007ffd11830000 	C:\Windows\System32\IMM32.DLL
0x00007ffd07020000 - 0x00007ffd0702c000 	c:\Users\Yo\.vscode\extensions\redhat.java-1.12.0-win32-x64\jre\17.0.4.1-win32-x86_64\bin\vcruntime140_1.dll
0x00007ffcf0550000 - 0x00007ffcf05e1000 	c:\Users\Yo\.vscode\extensions\redhat.java-1.12.0-win32-x64\jre\17.0.4.1-win32-x86_64\bin\msvcp140.dll
0x00007ffcd28c0000 - 0x00007ffcd3506000 	c:\Users\Yo\.vscode\extensions\redhat.java-1.12.0-win32-x64\jre\17.0.4.1-win32-x86_64\bin\server\jvm.dll
0x00007ffd114e0000 - 0x00007ffd1158e000 	C:\Windows\System32\ADVAPI32.dll
0x00007ffd11960000 - 0x00007ffd119fc000 	C:\Windows\System32\sechost.dll
0x00007ffd11830000 - 0x00007ffd11955000 	C:\Windows\System32\RPCRT4.dll
0x00007ffd11a00000 - 0x00007ffd11a08000 	C:\Windows\System32\PSAPI.DLL
0x00007ffd050e0000 - 0x00007ffd05107000 	C:\Windows\SYSTEM32\WINMM.dll
0x00007ffd05400000 - 0x00007ffd0540a000 	C:\Windows\SYSTEM32\VERSION.dll
0x00007ffd093a0000 - 0x00007ffd093a9000 	C:\Windows\SYSTEM32\WSOCK32.dll
0x00007ffd104b0000 - 0x00007ffd1051b000 	C:\Windows\System32\WS2_32.dll
0x00007ffd0d0b0000 - 0x00007ffd0d0c2000 	C:\Windows\SYSTEM32\kernel.appcore.dll
0x00007ffd03f50000 - 0x00007ffd03f5a000 	c:\Users\Yo\.vscode\extensions\redhat.java-1.12.0-win32-x64\jre\17.0.4.1-win32-x86_64\bin\jimage.dll
0x00007ffcfc120000 - 0x00007ffcfc304000 	C:\Windows\SYSTEM32\DBGHELP.DLL
0x00007ffcf6230000 - 0x00007ffcf625c000 	C:\Windows\SYSTEM32\dbgcore.DLL
0x00007ffd0f7b0000 - 0x00007ffd0f832000 	C:\Windows\System32\bcryptPrimitives.dll
0x00007ffd000b0000 - 0x00007ffd000be000 	c:\Users\Yo\.vscode\extensions\redhat.java-1.12.0-win32-x64\jre\17.0.4.1-win32-x86_64\bin\instrument.dll
0x00007ffcee3b0000 - 0x00007ffcee3d5000 	c:\Users\Yo\.vscode\extensions\redhat.java-1.12.0-win32-x64\jre\17.0.4.1-win32-x86_64\bin\java.dll
0x00007ffcfca80000 - 0x00007ffcfca98000 	c:\Users\Yo\.vscode\extensions\redhat.java-1.12.0-win32-x64\jre\17.0.4.1-win32-x86_64\bin\zip.dll
0x00007ffd109c0000 - 0x00007ffd11104000 	C:\Windows\System32\SHELL32.dll
0x00007ffd0d2b0000 - 0x00007ffd0da45000 	C:\Windows\SYSTEM32\windows.storage.dll
0x00007ffd10520000 - 0x00007ffd10875000 	C:\Windows\System32\combase.dll
0x00007ffd0eb40000 - 0x00007ffd0eb6e000 	C:\Windows\SYSTEM32\Wldp.dll
0x00007ffd0ff90000 - 0x00007ffd1003d000 	C:\Windows\System32\SHCORE.dll
0x00007ffd10040000 - 0x00007ffd10095000 	C:\Windows\System32\shlwapi.dll
0x00007ffd0f100000 - 0x00007ffd0f11f000 	C:\Windows\SYSTEM32\profapi.dll
0x00007ffcf04f0000 - 0x00007ffcf0509000 	C:\Users\Yo\.vscode\extensions\redhat.java-1.12.0-win32-x64\jre\17.0.4.1-win32-x86_64\bin\net.dll
0x00007ffd03390000 - 0x00007ffd0349c000 	C:\Windows\SYSTEM32\WINHTTP.dll
0x00007ffd0e8a0000 - 0x00007ffd0e90a000 	C:\Windows\system32\mswsock.dll
0x00007ffce79f0000 - 0x00007ffce7a05000 	C:\Users\Yo\.vscode\extensions\redhat.java-1.12.0-win32-x64\jre\17.0.4.1-win32-x86_64\bin\nio.dll
0x00007ffcfffc0000 - 0x00007ffcfffd0000 	c:\Users\Yo\.vscode\extensions\redhat.java-1.12.0-win32-x64\jre\17.0.4.1-win32-x86_64\bin\verify.dll
0x00007ffce5380000 - 0x00007ffce53be000 	C:\Users\Yo\AppData\Roaming\Code\User\globalStorage\redhat.java\1.12.0\config_win\org.eclipse.equinox.launcher\org.eclipse.equinox.launcher.win32.win32.x86_64_1.2.600.v20220720-1916\eclipse_11700.dll
0x00007ffd11650000 - 0x00007ffd1177a000 	C:\Windows\System32\ole32.dll
0x00007ffd0ea90000 - 0x00007ffd0eaa8000 	C:\Windows\SYSTEM32\CRYPTSP.dll
0x00007ffd0e220000 - 0x00007ffd0e254000 	C:\Windows\system32\rsaenh.dll
0x00007ffd0f410000 - 0x00007ffd0f437000 	C:\Windows\System32\bcrypt.dll
0x00007ffd0f080000 - 0x00007ffd0f0ae000 	C:\Windows\SYSTEM32\USERENV.dll
0x00007ffd0eab0000 - 0x00007ffd0eabc000 	C:\Windows\SYSTEM32\CRYPTBASE.dll
0x00007ffd0e590000 - 0x00007ffd0e5cb000 	C:\Windows\SYSTEM32\IPHLPAPI.DLL
0x00007ffd11110000 - 0x00007ffd11118000 	C:\Windows\System32\NSI.dll
0x00007ffd06340000 - 0x00007ffd06357000 	C:\Windows\SYSTEM32\dhcpcsvc6.DLL
0x00007ffd06320000 - 0x00007ffd0633d000 	C:\Windows\SYSTEM32\dhcpcsvc.DLL
0x00007ffd0e5d0000 - 0x00007ffd0e69b000 	C:\Windows\SYSTEM32\DNSAPI.dll
0x00007ffd06d30000 - 0x00007ffd06d70000 	C:\Users\Yo\AppData\Local\Temp\jna-2870\jna11344526290182817628.dll

dbghelp: loaded successfully - version: 4.0.5 - missing functions: none
symbol engine: initialized successfully - sym options: 0x614 - pdb path: .;c:\Users\Yo\.vscode\extensions\redhat.java-1.12.0-win32-x64\jre\17.0.4.1-win32-x86_64\bin;C:\Windows\SYSTEM32;C:\Windows\WinSxS\amd64_microsoft.windows.common-controls_6595b64144ccf1df_6.0.19041.1110_none_60b5254171f9507e;c:\Users\Yo\.vscode\extensions\redhat.java-1.12.0-win32-x64\jre\17.0.4.1-win32-x86_64\bin\server;C:\Users\Yo\AppData\Roaming\Code\User\globalStorage\redhat.java\1.12.0\config_win\org.eclipse.equinox.launcher\org.eclipse.equinox.launcher.win32.win32.x86_64_1.2.600.v20220720-1916;C:\Users\Yo\AppData\Local\Temp\jna-2870

VM Arguments:
jvm_args: --add-modules=ALL-SYSTEM --add-opens=java.base/java.util=ALL-UNNAMED --add-opens=java.base/java.lang=ALL-UNNAMED --add-opens=java.base/sun.nio.fs=ALL-UNNAMED -Declipse.application=org.eclipse.jdt.ls.core.id1 -Dosgi.bundles.defaultStartLevel=4 -Declipse.product=org.eclipse.jdt.ls.core.product -Djava.import.generatesMetadataFilesAtProjectRoot=false -Dfile.encoding=utf8 -XX:+UseParallelGC -XX:GCTimeRatio=4 -XX:AdaptiveSizePolicyWeight=90 -Dsun.zip.disableMemoryMapping=true -Xmx1G -Xms100m -Xlog:disable -javaagent:c:\Users\Yo\.vscode\extensions\redhat.java-1.12.0-win32-x64\lombok\lombok-1.18.24.jar -XX:+HeapDumpOnOutOfMemoryError -XX:HeapDumpPath=c:\Users\Yo\AppData\Roaming\Code\User\workspaceStorage\31e7361d7b754fea5c955249071b5afd\redhat.java 
java_command: c:\Users\Yo\.vscode\extensions\redhat.java-1.12.0-win32-x64\server\plugins\org.eclipse.equinox.launcher_1.6.400.v20210924-0641.jar -configuration c:\Users\Yo\AppData\Roaming\Code\User\globalStorage\redhat.java\1.12.0\config_win -data c:\Users\Yo\AppData\Roaming\Code\User\workspaceStorage\31e7361d7b754fea5c955249071b5afd\redhat.java\jdt_ws
java_class_path (initial): c:\Users\Yo\.vscode\extensions\redhat.java-1.12.0-win32-x64\server\plugins\org.eclipse.equinox.launcher_1.6.400.v20210924-0641.jar
Launcher Type: SUN_STANDARD

[Global flags]
    uintx AdaptiveSizePolicyWeight                 = 90                                        {product} {command line}
     intx CICompilerCount                          = 4                                         {product} {ergonomic}
    uintx GCTimeRatio                              = 4                                         {product} {command line}
     bool HeapDumpOnOutOfMemoryError               = true                                   {manageable} {command line}
    ccstr HeapDumpPath                             = c:\Users\Yo\AppData\Roaming\Code\User\workspaceStorage\31e7361d7b754fea5c955249071b5afd\redhat.java         {manageable} {command line}
   size_t InitialHeapSize                          = 104857600                                 {product} {command line}
   size_t MaxHeapSize                              = 1073741824                                {product} {command line}
   size_t MaxNewSize                               = 357564416                                 {product} {ergonomic}
   size_t MinHeapDeltaBytes                        = 524288                                    {product} {ergonomic}
   size_t MinHeapSize                              = 104857600                                 {product} {command line}
   size_t NewSize                                  = 34603008                                  {product} {ergonomic}
    uintx NonNMethodCodeHeapSize                   = 5839372                                {pd product} {ergonomic}
    uintx NonProfiledCodeHeapSize                  = 122909434                              {pd product} {ergonomic}
   size_t OldSize                                  = 70254592                                  {product} {ergonomic}
    uintx ProfiledCodeHeapSize                     = 122909434                              {pd product} {ergonomic}
    uintx ReservedCodeCacheSize                    = 251658240                              {pd product} {ergonomic}
     bool SegmentedCodeCache                       = true                                      {product} {ergonomic}
   size_t SoftMaxHeapSize                          = 1073741824                             {manageable} {ergonomic}
     bool UseCompressedClassPointers               = true                           {product lp64_product} {ergonomic}
     bool UseCompressedOops                        = true                           {product lp64_product} {ergonomic}
     bool UseLargePagesIndividualAllocation        = false                                  {pd product} {ergonomic}
     bool UseParallelGC                            = true                                      {product} {command line}

Logging:
Log output configuration:
 #0: stdout all=off uptime,level,tags
 #1: stderr all=off uptime,level,tags

Environment Variables:
PATH=C:\Windows\system32;C:\Windows;C:\Windows\System32\Wbem;C:\Windows\System32\WindowsPowerShell\v1.0\;C:\Windows\System32\OpenSSH\;C:\JAVA\jdk-19\bin;C:\Program Files\Git\cmd;C:\Users\Yo\AppData\Local\Microsoft\WindowsApps;C:\Users\Yo\AppData\Local\Programs\Microsoft VS Code\bin;C:\JAVA\jdk-19\bin;
USERNAME=Yo
OS=Windows_NT
PROCESSOR_IDENTIFIER=AMD64 Family 23 Model 24 Stepping 1, AuthenticAMD
TEMP=C:\Users\Yo\AppData\Local\Temp



---------------  S Y S T E M  ---------------

OS:
 Windows 10 , 64 bit Build 19041 (10.0.19041.1466)
OS uptime: 6 days 20:11 hours

CPU: total 8 (initial active 8) (8 cores per cpu, 2 threads per core) family 23 model 24 stepping 1 microcode 0x0, cx8, cmov, fxsr, ht, mmx, 3dnowpref, sse, sse2, sse3, ssse3, sse4a, sse4.1, sse4.2, popcnt, lzcnt, tsc, tscinvbit, avx, avx2, aes, clmul, bmi1, bmi2, adx, sha, fma, vzeroupper, clflush, clflushopt

Memory: 4k page, system-wide physical 6020M (848M free)
TotalPageFile size 24452M (AvailPageFile size 6M)
current process WorkingSet (physical memory assigned to process): 246M, peak: 249M
current process commit charge ("private bytes"): 329M, peak: 330M

vm_info: OpenJDK 64-Bit Server VM (17.0.4.1+1) for windows-amd64 JRE (17.0.4.1+1), built on Aug 17 2022 07:42:43 by "temurin" with MS VC++ 16.7 (VS2019)

END.
